Using pre-set license

 COMMAND LINE ARGUMENTS:
/Applications/Unity/Hub/Editor/2020.2.1f1/Unity.app/Contents/MacOS/Unity
-adb2
-batchMode
-noUpm
-name
AssetImportWorker0
-projectPath
/Users/pavel/Documents/Unity/SuperMan-Drop
-logFile
Logs/AssetImportWorker0.log
-srvPort
52166
Successfully changed project path to: /Users/pavel/Documents/Unity/SuperMan-Drop
/Users/pavel/Documents/Unity/SuperMan-Drop
Using Asset Import Pipeline V2.
Refreshing native plugins compatible for Editor in 72.22 ms, found 2 plugins.
Preloading 0 native plugins for Editor in 0.00 ms.
Initialize engine version: 2020.2.1f1 (270dd8c3da1c)
[Subsystems] Discovering subsystems at path /Applications/Unity/Hub/Editor/2020.2.1f1/Unity.app/Contents/Resources/UnitySubsystems
[Subsystems] Discovering subsystems at path /Users/pavel/Documents/Unity/SuperMan-Drop/Assets
GfxDevice: creating device client; threaded=0
2021-04-23 00:07:51.170 Unity[86689:22793460] LG HDR 4K preferred device: AMD Radeon Pro 5500M (high power)
2021-04-23 00:07:51.170 Unity[86689:22793460] Metal devices available: 2
2021-04-23 00:07:51.170 Unity[86689:22793460] 0: AMD Radeon Pro 5500M (high power)
2021-04-23 00:07:51.170 Unity[86689:22793460] 1: Intel(R) UHD Graphics 630 (low power)
2021-04-23 00:07:51.170 Unity[86689:22793460] Using device AMD Radeon Pro 5500M (high power)
Initializing Metal device caps: AMD Radeon Pro 5500M
Initialize mono
Mono path[0] = '/Applications/Unity/Hub/Editor/2020.2.1f1/Unity.app/Contents/Managed'
Mono path[1] = '/Applications/Unity/Hub/Editor/2020.2.1f1/Unity.app/Contents/MonoBleedingEdge/lib/mono/unityjit'
Mono config path = '/Applications/Unity/Hub/Editor/2020.2.1f1/Unity.app/Contents/MonoBleedingEdge/etc'
Using monoOptions --debugger-agent=transport=dt_socket,embedding=1,server=y,suspend=n,address=127.0.0.1:56689
Begin MonoManager ReloadAssembly
Registering precompiled unity dll's ...
Register platform support module: /Applications/Unity/Hub/Editor/2020.2.1f1/Unity.app/Contents/PlaybackEngines/MacStandaloneSupport/UnityEditor.OSXStandalone.Extensions.dll
Registered in 0.000472 seconds.
Native extension for OSXStandalone target not found
Refreshing native plugins compatible for Editor in 63.50 ms, found 2 plugins.
Preloading 0 native plugins for Editor in 0.00 ms.
Invoked RoslynAnalysisRunner static constructor.
RoslynAnalysisRunner will not be running.
RoslynAnalysisRunner has terminated.
Mono: successfully reloaded assembly
- Completed reload, in  2.159 seconds
Platform modules already initialized, skipping
Registering precompiled user dll's ...
Registered in 0.001432 seconds.
Begin MonoManager ReloadAssembly
Native extension for OSXStandalone target not found
Refreshing native plugins compatible for Editor in 0.72 ms, found 2 plugins.
Preloading 0 native plugins for Editor in 0.00 ms.
WARNING: RGBA Compressed ETC2 UNorm format is not supported, decompressing texture
WARNING: RGBA Compressed ETC2 UNorm format is not supported, decompressing texture
WARNING: RGBA Compressed ETC2 UNorm format is not supported, decompressing texture
Invoked RoslynAnalysisRunner static constructor.
RoslynAnalysisRunner will not be running.
RoslynAnalysisRunner has terminated.
Mono: successfully reloaded assembly
- Completed reload, in  1.617 seconds
Platform modules already initialized, skipping
========================================================================
Worker process is ready to serve import requests
Launching external process: /Applications/Unity/Hub/Editor/2020.2.1f1/Unity.app/Contents/Tools/UnityShaderCompiler
Launched and connected shader compiler UnityShaderCompiler after 0.01 seconds
Refreshing native plugins compatible for Editor in 0.82 ms, found 2 plugins.
Preloading 0 native plugins for Editor in 0.00 ms.
Unloading 2185 Unused Serialized files (Serialized files now loaded: 0)
System memory in use before: 230.7 MB.
System memory in use after: 225.3 MB.

Unloading 144 unused Assets to reduce memory usage. Loaded Objects now: 2637.
Total: 6.688349 ms (FindLiveObjects: 0.340590 ms CreateObjectMapping: 0.143866 ms MarkObjects: 3.103530 ms  DeleteObjects: 3.099507 ms)

========================================================================
Received Import Request.
  path: Assets/Prefab/Turret.fbx
  artifactKey: Guid(24b70d4105fef1d458a49f9438682d90) Importer(815301076,1909f56bfc062723c751e8b465ee728b)
Start importing Assets/Prefab/Turret.fbx using Guid(24b70d4105fef1d458a49f9438682d90) Importer(815301076,1909f56bfc062723c751e8b465ee728b)  -> (artifact id: '20f4646321156721226c326b905393f9') in 1.046132 seconds
  Import took 1.050069 seconds .

========================================================================
Received Import Request.
  Time since last request: 0.000199 seconds.
  path: Assets/Prefab/Levels/Level11.prefab
  artifactKey: Guid(15b4b9af2f0731440b5432d7a8c6ac33) Importer(815301076,1909f56bfc062723c751e8b465ee728b)
Start importing Assets/Prefab/Levels/Level11.prefab using Guid(15b4b9af2f0731440b5432d7a8c6ac33) Importer(815301076,1909f56bfc062723c751e8b465ee728b)  -> (artifact id: '6b506340d3689470b60c4f2df6f1dcf1') in 0.678960 seconds
  Import took 0.688693 seconds .

========================================================================
Received Import Request.
  Time since last request: 0.000214 seconds.
  path: Assets/Prefab/Levels/Level12.prefab
  artifactKey: Guid(1871d5845cd99c448baeda882f1cfcff) Importer(815301076,1909f56bfc062723c751e8b465ee728b)
Start importing Assets/Prefab/Levels/Level12.prefab using Guid(1871d5845cd99c448baeda882f1cfcff) Importer(815301076,1909f56bfc062723c751e8b465ee728b)  -> (artifact id: '8bbc538f3b0245eaf67380425b8b6a98') in 0.290001 seconds
  Import took 0.301265 seconds .

========================================================================
Received Prepare
Refreshing native plugins compatible for Editor in 2.21 ms, found 2 plugins.
Preloading 0 native plugins for Editor in 0.00 ms.
Unloading 25 Unused Serialized files (Serialized files now loaded: 0)
System memory in use before: 211.9 MB.
System memory in use after: 206.5 MB.

Unloading 26 unused Assets to reduce memory usage. Loaded Objects now: 2656.
Total: 5.647067 ms (FindLiveObjects: 0.407536 ms CreateObjectMapping: 0.115881 ms MarkObjects: 2.084183 ms  DeleteObjects: 3.037920 ms)

========================================================================
Received Import Request.
  Time since last request: 408.980639 seconds.
  path: Assets/Prefab/Levels/Level2.2.prefab
  artifactKey: Guid(52f2b56aa2a928748b0d7c6865415847) Importer(815301076,1909f56bfc062723c751e8b465ee728b)
Start importing Assets/Prefab/Levels/Level2.2.prefab using Guid(52f2b56aa2a928748b0d7c6865415847) Importer(815301076,1909f56bfc062723c751e8b465ee728b)  -> (artifact id: 'a4f240c05721973c0ffd1a28ab723d2f') in 0.483128 seconds
  Import took 0.495547 seconds .

========================================================================
Received Prepare
Refreshing native plugins compatible for Editor in 2.99 ms, found 2 plugins.
Preloading 0 native plugins for Editor in 0.00 ms.
Unloading 25 Unused Serialized files (Serialized files now loaded: 0)
System memory in use before: 213.9 MB.
System memory in use after: 208.4 MB.

Unloading 26 unused Assets to reduce memory usage. Loaded Objects now: 2656.
Total: 5.758832 ms (FindLiveObjects: 0.331055 ms CreateObjectMapping: 0.115333 ms MarkObjects: 2.123953 ms  DeleteObjects: 3.187254 ms)

